[35m[Appium][39m Welcome to Appium v1.22.3
[35m[Appium][39m Non-default server args:
[35m[Appium][39m   port: 57447
[35m[Appium][39m   loglevel: info
[35m[Appium][39m   tmpDir: C:\Users\USERPC~1\AppData\Local\Temp\\Katalon\Appium\Temp1654953462335
[35m[Appium][39m   chromedriverPort: 57448
[35m[Appium][39m Deprecated server args:
[35m[Appium][39m   [31m--chromedriver-port[39m => --default-capabilities
[35m[Appium][39m Default capabilities, which will be added to each request unless overridden by desired capabilities:
[35m[Appium][39m   chromedriverPort: 57448
[35m[Appium][39m Appium REST http interface listener started on 0.0.0.0:57447
[35m[HTTP][39m [37m-->[39m [37mGET[39m [37m/wd/hub/status[39m
[35m[HTTP][39m [90m{}[39m
[35m[HTTP][39m [37m<-- GET /wd/hub/status [39m[32m200[39m [90m158 ms - 68[39m
[35m[HTTP][39m [90m[39m
[35m[HTTP][39m [37m-->[39m [37mGET[39m [37m/wd/hub/status[39m
[35m[HTTP][39m [90m{}[39m
[35m[HTTP][39m [37m<-- GET /wd/hub/status [39m[32m200[39m [90m3 ms - 68[39m
[35m[HTTP][39m [90m[39m
[35m[HTTP][39m [37m-->[39m [37mPOST[39m [37m/wd/hub/session[39m
[35m[HTTP][39m [90m{"desiredCapabilities":{"app":"C:\\Users\\user pc\\Katalon Studio\\Calculator_v8.1.apk","noReset":true,"deviceName":"samsung SM-P205 (Android 11)","fullReset":false,"platform":"ANDROID","newCommandTimeout":1800,"platformVersion":"11","automationName":"uiautomator2","autoGrantPermissions":true,"platformName":"Android","udid":"RR2M500J5QY","systemPort":57501},"capabilities":{"firstMatch":[{"appium:app":"C:\\Users\\user pc\\Katalon Studio\\Calculator_v8.1.apk","appium:autoGrantPermissions":true,"appium:automationName":"uiautomator2","appium:deviceName":"samsung SM-P205 (Android 11)","appium:fullReset":false,"appium:newCommandTimeout":1800,"appium:noReset":true,"platform":"ANDROID","platformName":"android","appium:platformVersion":"11","appium:systemPort":57501,"appium:udid":"RR2M500J5QY"}]}}[39m
[35m[BaseDriver][39m The following capabilities are not standard capabilities and should have an extension prefix:
[35m[BaseDriver][39m   platform
[35m[BaseDriver][39m   chromedriverPort
[35m[Appium][39m Appium v1.22.3 creating new AndroidUiautomator2Driver (v1.70.1) session
[35m[BaseDriver][39m The following capabilities were provided, but are not recognized by Appium:
[35m[BaseDriver][39m   platform
[35m[BaseDriver][39m Session created with session id: 86b79da6-a539-41b9-9605-7d73be4ea3f5
[35m[BaseDriver][39m Using local app 'C:\Users\user pc\Katalon Studio\Calculator_v8.1.apk'
[35m[ADB][39m Found 3 'build-tools' folders under 'C:\Users\user pc\AppData\Local\Android\Sdk' (newest first):
[35m[ADB][39m     C:/Users/user pc/AppData/Local/Android/Sdk/build-tools/33.0.0-rc4
[35m[ADB][39m     C:/Users/user pc/AppData/Local/Android/Sdk/build-tools/32.1.0-rc1
[35m[ADB][39m     C:/Users/user pc/AppData/Local/Android/Sdk/build-tools/32.0.0
[35m[ADB][39m Using 'adb.exe' from 'C:\Users\user pc\AppData\Local\Android\Sdk\platform-tools\adb.exe'
[35m[AndroidDriver][39m Retrieving device list
[35m[AndroidDriver][39m Using device: RR2M500J5QY
[35m[ADB][39m Using 'adb.exe' from 'C:\Users\user pc\AppData\Local\Android\Sdk\platform-tools\adb.exe'
[35m[ADB][39m Getting device platform version
[35m[UiAutomator2][39m Relaxing hidden api policy
[35m[ADB][39m Package name: 'com.google.android.calculator'
[35m[ADB][39m Main activity name: 'com.android.calculator2.Calculator'
[35m[ADB][39m Using 'apksigner.jar' from 'C:\Users\user pc\AppData\Local\Android\Sdk\build-tools\33.0.0-rc4\lib\apksigner.jar'
[35m[ADB][39m 'C:\Users\user pc\AppData\Roaming\npm\node_modules\appium\node_modules\appium-uiautomator2-server\apks\appium-uiautomator2-server-v4.27.0.apk' is signed with the default certificate
[35m[ADB][39m 'C:\Users\user pc\AppData\Roaming\npm\node_modules\appium\node_modules\appium-uiautomator2-server\apks\appium-uiautomator2-server-debug-androidTest.apk' is signed with the default certificate
[35m[UiAutomator2][39m Server packages are not going to be (re)installed
[35m[ADB][39m Adding packages ["io.appium.settings","io.appium.uiautomator2.server","io.appium.uiautomator2.server.test"] to Doze whitelist
[35m[ADB][39m 'C:\Users\user pc\Katalon Studio\Calculator_v8.1.apk' is signed with a non-default certificate
[35m[ADB][39m The application at 'C:\Users\user pc\Katalon Studio\Calculator_v8.1.apk' will not be cached, because the device under test has confirmed the support of streamed installs
[35m[ADB][39m The installation of 'Calculator_v8.1.apk' took 4386ms
[35m[UiAutomator2][39m Starting UIAutomator2 server 4.27.0
[35m[UiAutomator2][39m Using UIAutomator2 server from 'C:\Users\user pc\AppData\Roaming\npm\node_modules\appium\node_modules\appium-uiautomator2-server\apks\appium-uiautomator2-server-v4.27.0.apk' and test from 'C:\Users\user pc\AppData\Roaming\npm\node_modules\appium\node_modules\appium-uiautomator2-server\apks\appium-uiautomator2-server-debug-androidTest.apk'
[35m[UiAutomator2][39m Waiting up to 30000ms for UiAutomator2 to be online...
[35m[WD Proxy][39m socket hang up
[35m[WD Proxy][39m socket hang up
[35m[WD Proxy][39m socket hang up
[35m[WD Proxy][39m socket hang up
[35m[WD Proxy][39m socket hang up
[35m[WD Proxy][39m Determined the downstream protocol as 'W3C'
[35m[AndroidDriver][39m Screen already unlocked, doing nothing
[35m[UiAutomator2][39m Starting 'com.google.android.calculator/com.android.calculator2.Calculator and waiting for 'com.google.android.calculator/com.android.calculator2.Calculator'
[35m[Appium][39m New AndroidUiautomator2Driver session created successfully, session 86b79da6-a539-41b9-9605-7d73be4ea3f5 added to master session list
[35m[HTTP][39m [37m<-- POST /wd/hub/session [39m[32m200[39m [90m29826 ms - 1272[39m
[35m[HTTP][39m [90m[39m
[35m[HTTP][39m [37m-->[39m [37mGET[39m [37m/wd/hub/session/86b79da6-a539-41b9-9605-7d73be4ea3f5[39m
[35m[HTTP][39m [90m{}[39m
[35m[HTTP][39m [37m<-- GET /wd/hub/session/86b79da6-a539-41b9-9605-7d73be4ea3f5 [39m[32m200[39m [90m23 ms - 1226[39m
[35m[HTTP][39m [90m[39m
[35m[HTTP][39m [37m-->[39m [37mGET[39m [37m/wd/hub/session/86b79da6-a539-41b9-9605-7d73be4ea3f5[39m
[35m[HTTP][39m [90m{}[39m
[35m[HTTP][39m [37m<-- GET /wd/hub/session/86b79da6-a539-41b9-9605-7d73be4ea3f5 [39m[32m200[39m [90m16 ms - 1226[39m
[35m[HTTP][39m [90m[39m
[35m[HTTP][39m [37m-->[39m [37mGET[39m [37m/wd/hub/status[39m
[35m[HTTP][39m [90m{}[39m
[35m[HTTP][39m [37m<-- GET /wd/hub/status [39m[32m200[39m [90m2 ms - 68[39m
[35m[HTTP][39m [90m[39m
[35m[HTTP][39m [37m-->[39m [37mPOST[39m [37m/wd/hub/session/86b79da6-a539-41b9-9605-7d73be4ea3f5/timeouts[39m
[35m[HTTP][39m [90m{"implicit":60000}[39m
[35m[HTTP][39m [37m<-- POST /wd/hub/session/86b79da6-a539-41b9-9605-7d73be4ea3f5/timeouts [39m[32m200[39m [90m6 ms - 14[39m
[35m[HTTP][39m [90m[39m
[35m[HTTP][39m [37m-->[39m [37mGET[39m [37m/wd/hub/session/86b79da6-a539-41b9-9605-7d73be4ea3f5/source[39m
[35m[HTTP][39m [90m{}[39m
[35m[W3C (86b79da6)][39m Driver proxy active, passing request on via HTTP proxy
[35m[WD Proxy][39m Replacing sessionId 7152f026-92b3-48b9-a188-cb0702bb9337 with 86b79da6-a539-41b9-9605-7d73be4ea3f5
[35m[HTTP][39m [37m<-- GET /wd/hub/session/86b79da6-a539-41b9-9605-7d73be4ea3f5/source [39m[32m200[39m [90m551 ms - 22998[39m
[35m[HTTP][39m [90m[39m
[35m[HTTP][39m [37m-->[39m [37mGET[39m [37m/wd/hub/session/86b79da6-a539-41b9-9605-7d73be4ea3f5/screenshot[39m
[35m[HTTP][39m [90m{}[39m
[35m[HTTP][39m [37m<-- GET /wd/hub/session/86b79da6-a539-41b9-9605-7d73be4ea3f5/screenshot [39m[32m200[39m [90m2360 ms - 136656[39m
[35m[HTTP][39m [90m[39m
[35m[HTTP][39m [37m-->[39m [37mGET[39m [37m/wd/hub/session/86b79da6-a539-41b9-9605-7d73be4ea3f5/source[39m
[35m[HTTP][39m [90m{}[39m
[35m[W3C (86b79da6)][39m Driver proxy active, passing request on via HTTP proxy
[35m[WD Proxy][39m Replacing sessionId 7152f026-92b3-48b9-a188-cb0702bb9337 with 86b79da6-a539-41b9-9605-7d73be4ea3f5
[35m[HTTP][39m [37m<-- GET /wd/hub/session/86b79da6-a539-41b9-9605-7d73be4ea3f5/source [39m[32m200[39m [90m239 ms - 19684[39m
[35m[HTTP][39m [90m[39m
[35m[HTTP][39m [37m-->[39m [37mGET[39m [37m/wd/hub/session/86b79da6-a539-41b9-9605-7d73be4ea3f5/screenshot[39m
[35m[HTTP][39m [90m{}[39m
[35m[HTTP][39m [37m<-- GET /wd/hub/session/86b79da6-a539-41b9-9605-7d73be4ea3f5/screenshot [39m[32m200[39m [90m820 ms - 146928[39m
[35m[HTTP][39m [90m[39m
[35m[HTTP][39m [37m-->[39m [37mPOST[39m [37m/wd/hub/session/86b79da6-a539-41b9-9605-7d73be4ea3f5/elements[39m
[35m[HTTP][39m [90m{"using":"xpath","value":"//*[@class = 'android.widget.Button' and (@text = '7' or . = '7') and @resource-id = 'com.google.android.calculator:id/digit_7']"}[39m
[35m[HTTP][39m [37m<-- POST /wd/hub/session/86b79da6-a539-41b9-9605-7d73be4ea3f5/elements [39m[32m200[39m [90m655 ms - 139[39m
[35m[HTTP][39m [90m[39m
[35m[HTTP][39m [37m-->[39m [37mGET[39m [37m/wd/hub/session/86b79da6-a539-41b9-9605-7d73be4ea3f5/source[39m
[35m[HTTP][39m [90m{}[39m
[35m[W3C (86b79da6)][39m Driver proxy active, passing request on via HTTP proxy
[35m[WD Proxy][39m Replacing sessionId 7152f026-92b3-48b9-a188-cb0702bb9337 with 86b79da6-a539-41b9-9605-7d73be4ea3f5
[35m[HTTP][39m [37m<-- GET /wd/hub/session/86b79da6-a539-41b9-9605-7d73be4ea3f5/source [39m[32m200[39m [90m203 ms - 19657[39m
[35m[HTTP][39m [90m[39m
[35m[HTTP][39m [37m-->[39m [37mGET[39m [37m/wd/hub/session/86b79da6-a539-41b9-9605-7d73be4ea3f5/screenshot[39m
[35m[HTTP][39m [90m{}[39m
[35m[HTTP][39m [37m<-- GET /wd/hub/session/86b79da6-a539-41b9-9605-7d73be4ea3f5/screenshot [39m[32m200[39m [90m794 ms - 147006[39m
[35m[HTTP][39m [90m[39m
[35m[HTTP][39m [37m-->[39m [37mPOST[39m [37m/wd/hub/session/86b79da6-a539-41b9-9605-7d73be4ea3f5/elements[39m
[35m[HTTP][39m [90m{"using":"xpath","value":"//*[@class = 'android.widget.Button' and (@text = '0' or . = '0') and @resource-id = 'com.google.android.calculator:id/digit_0']"}[39m
[35m[HTTP][39m [37m<-- POST /wd/hub/session/86b79da6-a539-41b9-9605-7d73be4ea3f5/elements [39m[32m200[39m [90m215 ms - 139[39m
[35m[HTTP][39m [90m[39m
[35m[HTTP][39m [37m-->[39m [37mGET[39m [37m/wd/hub/session/86b79da6-a539-41b9-9605-7d73be4ea3f5/source[39m
[35m[HTTP][39m [90m{}[39m
[35m[W3C (86b79da6)][39m Driver proxy active, passing request on via HTTP proxy
[35m[WD Proxy][39m Replacing sessionId 7152f026-92b3-48b9-a188-cb0702bb9337 with 86b79da6-a539-41b9-9605-7d73be4ea3f5
[35m[HTTP][39m [37m<-- GET /wd/hub/session/86b79da6-a539-41b9-9605-7d73be4ea3f5/source [39m[32m200[39m [90m199 ms - 19658[39m
[35m[HTTP][39m [90m[39m
[35m[HTTP][39m [37m-->[39m [37mGET[39m [37m/wd/hub/session/86b79da6-a539-41b9-9605-7d73be4ea3f5/screenshot[39m
[35m[HTTP][39m [90m{}[39m
[35m[HTTP][39m [37m<-- GET /wd/hub/session/86b79da6-a539-41b9-9605-7d73be4ea3f5/screenshot [39m[32m200[39m [90m754 ms - 154514[39m
[35m[HTTP][39m [90m[39m
[35m[HTTP][39m [37m-->[39m [37mPOST[39m [37m/wd/hub/session/86b79da6-a539-41b9-9605-7d73be4ea3f5/elements[39m
[35m[HTTP][39m [90m{"using":"xpath","value":"//*[@class = 'android.widget.Button' and (@text = '×' or . = '×') and @resource-id = 'com.google.android.calculator:id/op_mul']"}[39m
[35m[HTTP][39m [37m<-- POST /wd/hub/session/86b79da6-a539-41b9-9605-7d73be4ea3f5/elements [39m[32m200[39m [90m234 ms - 139[39m
[35m[HTTP][39m [90m[39m
[35m[HTTP][39m [37m-->[39m [37mGET[39m [37m/wd/hub/session/86b79da6-a539-41b9-9605-7d73be4ea3f5/source[39m
[35m[HTTP][39m [90m{}[39m
[35m[W3C (86b79da6)][39m Driver proxy active, passing request on via HTTP proxy
[35m[WD Proxy][39m Replacing sessionId 7152f026-92b3-48b9-a188-cb0702bb9337 with 86b79da6-a539-41b9-9605-7d73be4ea3f5
[35m[HTTP][39m [37m<-- GET /wd/hub/session/86b79da6-a539-41b9-9605-7d73be4ea3f5/source [39m[32m200[39m [90m175 ms - 19660[39m
[35m[HTTP][39m [90m[39m
[35m[HTTP][39m [37m-->[39m [37mGET[39m [37m/wd/hub/session/86b79da6-a539-41b9-9605-7d73be4ea3f5/screenshot[39m
[35m[HTTP][39m [90m{}[39m
[35m[HTTP][39m [37m<-- GET /wd/hub/session/86b79da6-a539-41b9-9605-7d73be4ea3f5/screenshot [39m[32m200[39m [90m749 ms - 160496[39m
[35m[HTTP][39m [90m[39m
[35m[HTTP][39m [37m-->[39m [37mPOST[39m [37m/wd/hub/session/86b79da6-a539-41b9-9605-7d73be4ea3f5/elements[39m
[35m[HTTP][39m [90m{"using":"xpath","value":"//*[@class = 'android.widget.Button' and (@text = '5' or . = '5') and @resource-id = 'com.google.android.calculator:id/digit_5']"}[39m
[35m[HTTP][39m [37m<-- POST /wd/hub/session/86b79da6-a539-41b9-9605-7d73be4ea3f5/elements [39m[32m200[39m [90m212 ms - 139[39m
[35m[HTTP][39m [90m[39m
[35m[HTTP][39m [37m-->[39m [37mGET[39m [37m/wd/hub/session/86b79da6-a539-41b9-9605-7d73be4ea3f5/source[39m
[35m[HTTP][39m [90m{}[39m
[35m[W3C (86b79da6)][39m Driver proxy active, passing request on via HTTP proxy
[35m[WD Proxy][39m Replacing sessionId 7152f026-92b3-48b9-a188-cb0702bb9337 with 86b79da6-a539-41b9-9605-7d73be4ea3f5
[35m[HTTP][39m [37m<-- GET /wd/hub/session/86b79da6-a539-41b9-9605-7d73be4ea3f5/source [39m[32m200[39m [90m168 ms - 19636[39m
[35m[HTTP][39m [90m[39m
[35m[HTTP][39m [37m-->[39m [37mGET[39m [37m/wd/hub/session/86b79da6-a539-41b9-9605-7d73be4ea3f5/screenshot[39m
[35m[HTTP][39m [90m{}[39m
[35m[HTTP][39m [37m<-- GET /wd/hub/session/86b79da6-a539-41b9-9605-7d73be4ea3f5/screenshot [39m[32m200[39m [90m782 ms - 173358[39m
[35m[HTTP][39m [90m[39m
[35m[HTTP][39m [37m-->[39m [37mPOST[39m [37m/wd/hub/session/86b79da6-a539-41b9-9605-7d73be4ea3f5/elements[39m
[35m[HTTP][39m [90m{"using":"xpath","value":"//*[@class = 'android.widget.Button' and (@text = '=' or . = '=') and @resource-id = 'com.google.android.calculator:id/eq']"}[39m
[35m[HTTP][39m [37m<-- POST /wd/hub/session/86b79da6-a539-41b9-9605-7d73be4ea3f5/elements [39m[32m200[39m [90m210 ms - 139[39m
[35m[HTTP][39m [90m[39m
[35m[HTTP][39m [37m-->[39m [37mGET[39m [37m/wd/hub/session/86b79da6-a539-41b9-9605-7d73be4ea3f5/source[39m
[35m[HTTP][39m [90m{}[39m
[35m[W3C (86b79da6)][39m Driver proxy active, passing request on via HTTP proxy
[35m[WD Proxy][39m Replacing sessionId 7152f026-92b3-48b9-a188-cb0702bb9337 with 86b79da6-a539-41b9-9605-7d73be4ea3f5
[35m[HTTP][39m [37m<-- GET /wd/hub/session/86b79da6-a539-41b9-9605-7d73be4ea3f5/source [39m[32m200[39m [90m167 ms - 18592[39m
[35m[HTTP][39m [90m[39m
[35m[HTTP][39m [37m-->[39m [37mGET[39m [37m/wd/hub/session/86b79da6-a539-41b9-9605-7d73be4ea3f5/screenshot[39m
[35m[HTTP][39m [90m{}[39m
[35m[HTTP][39m [37m<-- GET /wd/hub/session/86b79da6-a539-41b9-9605-7d73be4ea3f5/screenshot [39m[32m200[39m [90m747 ms - 163518[39m
[35m[HTTP][39m [90m[39m
[35m[HTTP][39m [37m-->[39m [37mDELETE[39m [37m/wd/hub/session/86b79da6-a539-41b9-9605-7d73be4ea3f5[39m
[35m[HTTP][39m [90m{}[39m
[35m[Appium][39m Removing session 86b79da6-a539-41b9-9605-7d73be4ea3f5 from our master session list
[35m[HTTP][39m [37m-->[39m [37mDELETE[39m [37m/wd/hub/session/86b79da6-a539-41b9-9605-7d73be4ea3f5[39m
[35m[HTTP][39m [90m{}[39m
[35m[HTTP][39m [37m<-- DELETE /wd/hub/session/86b79da6-a539-41b9-9605-7d73be4ea3f5 [39m[33m404[39m [90m623 ms - 2428[39m
[35m[HTTP][39m [90m[39m
[35m[UiAutomator2][39m Restoring hidden api policy to the device default configuration
[35m[HTTP][39m [37m<-- DELETE /wd/hub/session/86b79da6-a539-41b9-9605-7d73be4ea3f5 [39m[32m200[39m [90m5289 ms - 14[39m
[35m[HTTP][39m [90m[39m
